[debug] [2024-09-25T04:00:03.337Z] ----------------------------------------------------------------------
[debug] [2024-09-25T04:00:03.338Z] Command:       /usr/local/bin/node /usr/local/bin/firebase projects:list --json
[debug] [2024-09-25T04:00:03.339Z] CLI Version:   13.19.0
[debug] [2024-09-25T04:00:03.339Z] Platform:      darwin
[debug] [2024-09-25T04:00:03.339Z] Node Version:  v18.16.1
[debug] [2024-09-25T04:00:03.340Z] Time:          Wed Sep 25 2024 00:00:03 GMT-0400 (Eastern Daylight Time)
[debug] [2024-09-25T04:00:03.340Z] ----------------------------------------------------------------------
[debug] 
[debug] [2024-09-25T04:00:03.345Z] > command requires scopes: ["email","openid","https://www.googleapis.com/auth/cloudplatformprojects.readonly","https://www.googleapis.com/auth/firebase","https://www.googleapis.com/auth/cloud-platform"]
[debug] [2024-09-25T04:00:03.345Z] > authorizing via signed-in user (johnlangen@me.com)
[debug] [2024-09-25T04:00:03.348Z] > refreshing access token with scopes: []
[debug] [2024-09-25T04:00:03.350Z] >>> [apiv2][query] POST https://www.googleapis.com/oauth2/v3/token [none]
[debug] [2024-09-25T04:00:03.350Z] >>> [apiv2][body] POST https://www.googleapis.com/oauth2/v3/token [omitted]
[debug] [2024-09-25T04:00:03.673Z] <<< [apiv2][status] POST https://www.googleapis.com/oauth2/v3/token 400
[debug] [2024-09-25T04:00:03.673Z] <<< [apiv2][body] POST https://www.googleapis.com/oauth2/v3/token [omitted]
[debug] [2024-09-25T04:00:03.674Z] >>> [apiv2][query] GET https://firebase.googleapis.com/v1beta1/projects pageSize=1000
[debug] [2024-09-25T04:00:03.763Z] <<< [apiv2][status] GET https://firebase.googleapis.com/v1beta1/projects 401
[debug] [2024-09-25T04:00:03.763Z] <<< [apiv2][body] GET https://firebase.googleapis.com/v1beta1/projects [omitted]
[debug] [2024-09-25T04:00:03.764Z] HTTP Error: 401, Request had invalid authentication credentials. Expected OAuth 2 access token, login cookie or other valid authentication credential. See https://developers.google.com/identity/sign-in/web/devconsole-project.
[debug] [2024-09-25T04:00:03.875Z] FirebaseError: HTTP Error: 401, Request had invalid authentication credentials. Expected OAuth 2 access token, login cookie or other valid authentication credential. See https://developers.google.com/identity/sign-in/web/devconsole-project.
    at responseToError (/usr/local/lib/node_modules/firebase-tools/lib/responseToError.js:49:12)
    at RetryOperation._fn (/usr/local/lib/node_modules/firebase-tools/lib/apiv2.js:305:77)
    at process.processTicksAndRejections (node:internal/process/task_queues:95:5)
[error] 
[error] Error: Failed to list Firebase projects. See firebase-debug.log for more info.
